2026-03-08 15:26:24,434 INFO o.a.j.u.JMeterUtils: Setting Locale to en_EN
2026-03-08 15:26:24,449 INFO o.a.j.JMeter: Loading user properties from: /opt/apache-jmeter-5.6.3/bin/user.properties
2026-03-08 15:26:24,449 INFO o.a.j.JMeter: Loading system properties from: /opt/apache-jmeter-5.6.3/bin/system.properties
2026-03-08 15:26:24,457 INFO o.a.j.JMeter: Copyright (c) 1998-2024 The Apache Software Foundation
2026-03-08 15:26:24,458 INFO o.a.j.JMeter: Version 5.6.3
2026-03-08 15:26:24,458 INFO o.a.j.JMeter: java.version=17.0.18
2026-03-08 15:26:24,458 INFO o.a.j.JMeter: java.vm.name=OpenJDK 64-Bit Server VM
2026-03-08 15:26:24,458 INFO o.a.j.JMeter: os.name=Linux
2026-03-08 15:26:24,458 INFO o.a.j.JMeter: os.arch=amd64
2026-03-08 15:26:24,458 INFO o.a.j.JMeter: os.version=6.8.0-101-generic
2026-03-08 15:26:24,458 INFO o.a.j.JMeter: file.encoding=UTF-8
2026-03-08 15:26:24,458 INFO o.a.j.JMeter: java.awt.headless=null
2026-03-08 15:26:24,458 INFO o.a.j.JMeter: Max memory     =1073741824
2026-03-08 15:26:24,458 INFO o.a.j.JMeter: Available Processors =12
2026-03-08 15:26:24,466 INFO o.a.j.JMeter: Default Locale=English (EN)
2026-03-08 15:26:24,466 INFO o.a.j.JMeter: JMeter  Locale=English (EN)
2026-03-08 15:26:24,466 INFO o.a.j.JMeter: JMeterHome=/opt/apache-jmeter-5.6.3
2026-03-08 15:26:24,467 INFO o.a.j.JMeter: user.dir  =/home/ue/project/qr-table-order-jmeter
2026-03-08 15:26:24,467 INFO o.a.j.JMeter: PWD       =/home/ue/project/qr-table-order-jmeter
2026-03-08 15:26:24,467 INFO o.a.j.JMeter: IP: 127.0.1.1 Name: ue-Latitude-5401 FullName: ue-Latitude-5401
2026-03-08 15:26:24,476 INFO o.a.j.JMeter: Loaded icon properties from org/apache/jmeter/images/icon.properties
2026-03-08 15:26:24,700 INFO o.a.j.JMeterGuiLauncher: Setting LAF to: com.github.weisj.darklaf.DarkLaf:com.github.weisj.darklaf.theme.DarculaTheme
2026-03-08 15:26:47,576 INFO o.a.j.s.FileServer: Default base='/home/ue/project/qr-table-order-jmeter'
2026-03-08 15:26:47,581 INFO o.a.j.g.a.Load: Loading file: /home/ue/project/qr-table-order-jmeter/QTOS Place Order.jmx
2026-03-08 15:26:47,582 INFO o.a.j.s.FileServer: Set new base='/home/ue/project/qr-table-order-jmeter'
2026-03-08 15:26:47,805 INFO o.a.j.s.SaveService: Testplan (JMX) version: 2.2. Testlog (JTL) version: 2.2
2026-03-08 15:26:47,829 INFO o.a.j.s.SaveService: Using SaveService properties version 5.0
2026-03-08 15:26:47,830 INFO o.a.j.s.SaveService: Using SaveService properties file encoding UTF-8
2026-03-08 15:26:47,831 INFO o.a.j.s.SaveService: Loading file: /home/ue/project/qr-table-order-jmeter/QTOS Place Order.jmx
2026-03-08 15:26:47,857 INFO o.a.j.p.h.s.HTTPSamplerBase: Parser for text/html is org.apache.jmeter.protocol.http.parser.LagartoBasedHtmlParser
2026-03-08 15:26:47,857 INFO o.a.j.p.h.s.HTTPSamplerBase: Parser for application/xhtml+xml is org.apache.jmeter.protocol.http.parser.LagartoBasedHtmlParser
2026-03-08 15:26:47,857 INFO o.a.j.p.h.s.HTTPSamplerBase: Parser for application/xml is org.apache.jmeter.protocol.http.parser.LagartoBasedHtmlParser
2026-03-08 15:26:47,857 INFO o.a.j.p.h.s.HTTPSamplerBase: Parser for text/xml is org.apache.jmeter.protocol.http.parser.LagartoBasedHtmlParser
2026-03-08 15:26:47,857 INFO o.a.j.p.h.s.HTTPSamplerBase: Parser for text/vnd.wap.wml is org.apache.jmeter.protocol.http.parser.RegexpHTMLParser
2026-03-08 15:26:47,857 INFO o.a.j.p.h.s.HTTPSamplerBase: Parser for text/css is org.apache.jmeter.protocol.http.parser.CssParser
2026-03-08 15:26:48,823 INFO o.a.j.s.SampleResult: Note: Sample TimeStamps are START times
2026-03-08 15:26:48,823 INFO o.a.j.s.SampleResult: sampleresult.default.encoding is set to UTF-8
2026-03-08 15:26:48,823 INFO o.a.j.s.SampleResult: sampleresult.useNanoTime=true
2026-03-08 15:26:48,823 INFO o.a.j.s.SampleResult: sampleresult.nanoThreadSleep=5000
2026-03-08 15:26:49,023 INFO o.a.j.s.FileServer: Set new base='/home/ue/project/qr-table-order-jmeter'
